<?xml version="1.0" encoding="UTF-8"?>
<!-- Generated by org.testng.reporters.JUnitXMLReporter -->
<testsuite ignored="12" hostname="EC2AMAZ-CS00R8Q" failures="0" tests="8" name="brands" time="11.841" errors="0" timestamp="2025-07-30T06:27:43 UTC">
  <testcase classname="UnileverAuto.UnileverFunctionCheck" name="setup" time="6.701"/>
  <testcase classname="UnileverAuto.UnileverFunctionCheck" name="acceptCookiesIfPresent" time="0.153"/>
  <testcase classname="UnileverAuto.UnileverFunctionCheck" name="VerifyBrandsLink" time="0.617"/>
  <testcase classname="UnileverAuto.UnileverFunctionCheck" name="VerifyViewBrandsLink" time="1.69"/>
  <testcase classname="UnileverAuto.UnileverFunctionCheck" name="VerifyExploreBrandsLink" time="1.248"/>
  <testcase classname="UnileverAuto.UnileverFunctionCheck" name="VerifySearchBrandsLink" time="0.679"/>
  <testcase classname="UnileverAuto.UnileverFunctionCheck" name="VerifySearchBrandsBtn" time="0.209"/>
  <testcase classname="UnileverAuto.UnileverFunctionCheck" name="teardown" time="0.509"/>
  <testcase classname="UnileverAuto.UnileverFunctionCheck" name="VerifySustainabilityLink" time="0.0">
    <ignored/>
  </testcase> <!-- VerifySustainabilityLink -->
  <testcase classname="UnileverAuto.UnileverFunctionCheck" name="VerifyCareersSearchLink" time="0.0">
    <ignored/>
  </testcase> <!-- VerifyCareersSearchLink -->
  <testcase classname="UnileverAuto.UnileverFunctionCheck" name="VerifySignup" time="0.0">
    <ignored/>
  </testcase> <!-- VerifySignup -->
  <testcase classname="UnileverAuto.UnileverFunctionCheck" name="VerifyCareersLink" time="0.0">
    <ignored/>
  </testcase> <!-- VerifyCareersLink -->
  <testcase classname="UnileverAuto.UnileverFunctionCheck" name="VerifyViewSuppliersLink" time="0.0">
    <ignored/>
  </testcase> <!-- VerifyViewSuppliersLink -->
  <testcase classname="UnileverAuto.UnileverFunctionCheck" name="VerifyViewCompany" time="0.0">
    <ignored/>
  </testcase> <!-- VerifyViewCompany -->
  <testcase classname="UnileverAuto.UnileverFunctionCheck" name="VerifySuppliersLink" time="0.0">
    <ignored/>
  </testcase> <!-- VerifySuppliersLink -->
  <testcase classname="UnileverAuto.UnileverFunctionCheck" name="VerifyInvestersLink" time="0.0">
    <ignored/>
  </testcase> <!-- VerifyInvestersLink -->
  <testcase classname="UnileverAuto.UnileverFunctionCheck" name="VerifyNewsLink" time="0.0">
    <ignored/>
  </testcase> <!-- VerifyNewsLink -->
  <testcase classname="UnileverAuto.UnileverFunctionCheck" name="VerifyContactUs" time="0.0">
    <ignored/>
  </testcase> <!-- VerifyContactUs -->
  <testcase classname="UnileverAuto.UnileverFunctionCheck" name="VerifyLatestNews" time="0.0">
    <ignored/>
  </testcase> <!-- VerifyLatestNews -->
  <testcase classname="UnileverAuto.UnileverFunctionCheck" name="VerifyOurCompanyLink" time="0.0">
    <ignored/>
  </testcase> <!-- VerifyOurCompanyLink -->
</testsuite> <!-- brands -->
