<?xml version="1.0" encoding="UTF-8"?>
<!-- Generated by org.testng.reporters.JUnitXMLReporter -->
<testsuite ignored="14" hostname="EC2AMAZ-CS00R8Q" failures="0" tests="6" name="our company" time="10.541" errors="0" timestamp="2025-07-30T06:27:09 UTC">
  <testcase classname="UnileverAuto.UnileverFunctionCheck" name="setup" time="5.959"/>
  <testcase classname="UnileverAuto.UnileverFunctionCheck" name="acceptCookiesIfPresent" time="0.401"/>
  <testcase classname="UnileverAuto.UnileverFunctionCheck" name="VerifyOurCompanyLink" time="0.525"/>
  <testcase classname="UnileverAuto.UnileverFunctionCheck" name="VerifyViewCompany" time="1.56"/>
  <testcase classname="UnileverAuto.UnileverFunctionCheck" name="VerifyContactUs" time="1.516"/>
  <testcase classname="UnileverAuto.UnileverFunctionCheck" name="teardown" time="0.454"/>
  <testcase classname="UnileverAuto.UnileverFunctionCheck" name="VerifySustainabilityLink" time="0.0">
    <ignored/>
  </testcase> <!-- VerifySustainabilityLink -->
  <testcase classname="UnileverAuto.UnileverFunctionCheck" name="VerifySignup" time="0.0">
    <ignored/>
  </testcase> <!-- VerifySignup -->
  <testcase classname="UnileverAuto.UnileverFunctionCheck" name="VerifyCareersLink" time="0.0">
    <ignored/>
  </testcase> <!-- VerifyCareersLink -->
  <testcase classname="UnileverAuto.UnileverFunctionCheck" name="VerifySearchBrandsBtn" time="0.0">
    <ignored/>
  </testcase> <!-- VerifySearchBrandsBtn -->
  <testcase classname="UnileverAuto.UnileverFunctionCheck" name="VerifyViewSuppliersLink" time="0.0">
    <ignored/>
  </testcase> <!-- VerifyViewSuppliersLink -->
  <testcase classname="UnileverAuto.UnileverFunctionCheck" name="VerifySuppliersLink" time="0.0">
    <ignored/>
  </testcase> <!-- VerifySuppliersLink -->
  <testcase classname="UnileverAuto.UnileverFunctionCheck" name="VerifyNewsLink" time="0.0">
    <ignored/>
  </testcase> <!-- VerifyNewsLink -->
  <testcase classname="UnileverAuto.UnileverFunctionCheck" name="VerifyViewBrandsLink" time="0.0">
    <ignored/>
  </testcase> <!-- VerifyViewBrandsLink -->
  <testcase classname="UnileverAuto.UnileverFunctionCheck" name="VerifyCareersSearchLink" time="0.0">
    <ignored/>
  </testcase> <!-- VerifyCareersSearchLink -->
  <testcase classname="UnileverAuto.UnileverFunctionCheck" name="VerifySearchBrandsLink" time="0.0">
    <ignored/>
  </testcase> <!-- VerifySearchBrandsLink -->
  <testcase classname="UnileverAuto.UnileverFunctionCheck" name="VerifyInvestersLink" time="0.0">
    <ignored/>
  </testcase> <!-- VerifyInvestersLink -->
  <testcase classname="UnileverAuto.UnileverFunctionCheck" name="VerifyBrandsLink" time="0.0">
    <ignored/>
  </testcase> <!-- VerifyBrandsLink -->
  <testcase classname="UnileverAuto.UnileverFunctionCheck" name="VerifyExploreBrandsLink" time="0.0">
    <ignored/>
  </testcase> <!-- VerifyExploreBrandsLink -->
  <testcase classname="UnileverAuto.UnileverFunctionCheck" name="VerifyLatestNews" time="0.0">
    <ignored/>
  </testcase> <!-- VerifyLatestNews -->
</testsuite> <!-- our company -->
