<?xml version="1.0" encoding="UTF-8"?>
<!-- Generated by org.testng.reporters.JUnitXMLReporter -->
<testsuite ignored="0" hostname="EC2AMAZ-CS00R8Q" failures="9" tests="12" name="Test" time="6.325" errors="0" timestamp="2025-07-29T11:54:03 UTC">
  <testcase classname="UnileverAuto.UnileverFunctionCheck" name="VerifyBrandsLink" time="0.043">
    <failure type="java.lang.NullPointerException" message="Cannot invoke &amp;quot;org.openqa.selenium.WebDriver.findElement(org.openqa.selenium.By)&amp;quot; because &amp;quot;this.driver&amp;quot; is null">
      <![CDATA[java.lang.NullPointerException: Cannot invoke "org.openqa.selenium.WebDriver.findElement(org.openqa.selenium.By)" because "this.driver" is null
at UnileverAuto.UnileverFunctionCheck.VerifyBrandsLink(UnileverFunctionCheck.java:51)
at java.base/java.util.ArrayList.forEach(ArrayList.java:1596)
... Removed 25 stack frames]]>
    </failure>
  </testcase> <!-- VerifyBrandsLink -->
  <testcase classname="UnileverAuto.UnileverFunctionCheck" name="VerifyCareersLink" time="0.006">
    <failure type="java.lang.NullPointerException" message="Cannot invoke &amp;quot;org.openqa.selenium.WebDriver.findElement(org.openqa.selenium.By)&amp;quot; because &amp;quot;this.driver&amp;quot; is null">
      <![CDATA[java.lang.NullPointerException: Cannot invoke "org.openqa.selenium.WebDriver.findElement(org.openqa.selenium.By)" because "this.driver" is null
at UnileverAuto.UnileverFunctionCheck.VerifyCareersLink(UnileverFunctionCheck.java:55)
at java.base/java.util.ArrayList.forEach(ArrayList.java:1596)
... Removed 25 stack frames]]>
    </failure>
  </testcase> <!-- VerifyCareersLink -->
  <testcase classname="UnileverAuto.UnileverFunctionCheck" name="VerifyContactUs" time="0.006">
    <failure type="java.lang.NullPointerException" message="Cannot invoke &amp;quot;org.openqa.selenium.WebDriver.findElement(org.openqa.selenium.By)&amp;quot; because &amp;quot;this.driver&amp;quot; is null">
      <![CDATA[java.lang.NullPointerException: Cannot invoke "org.openqa.selenium.WebDriver.findElement(org.openqa.selenium.By)" because "this.driver" is null
at UnileverAuto.UnileverFunctionCheck.VerifyContactUs(UnileverFunctionCheck.java:63)
at java.base/java.util.ArrayList.forEach(ArrayList.java:1596)
... Removed 25 stack frames]]>
    </failure>
  </testcase> <!-- VerifyContactUs -->
  <testcase classname="UnileverAuto.UnileverFunctionCheck" name="VerifyInvestersLink" time="0.008">
    <failure type="java.lang.NullPointerException" message="Cannot invoke &amp;quot;org.openqa.selenium.WebDriver.findElement(org.openqa.selenium.By)&amp;quot; because &amp;quot;this.driver&amp;quot; is null">
      <![CDATA[java.lang.NullPointerException: Cannot invoke "org.openqa.selenium.WebDriver.findElement(org.openqa.selenium.By)" because "this.driver" is null
at UnileverAuto.UnileverFunctionCheck.VerifyInvestersLink(UnileverFunctionCheck.java:47)
at java.base/java.util.ArrayList.forEach(ArrayList.java:1596)
... Removed 25 stack frames]]>
    </failure>
  </testcase> <!-- VerifyInvestersLink -->
  <testcase classname="UnileverAuto.UnileverFunctionCheck" name="VerifyNewsLink" time="0.009">
    <failure type="java.lang.NullPointerException" message="Cannot invoke &amp;quot;org.openqa.selenium.WebDriver.findElement(org.openqa.selenium.By)&amp;quot; because &amp;quot;this.driver&amp;quot; is null">
      <![CDATA[java.lang.NullPointerException: Cannot invoke "org.openqa.selenium.WebDriver.findElement(org.openqa.selenium.By)" because "this.driver" is null
at UnileverAuto.UnileverFunctionCheck.VerifyNewsLink(UnileverFunctionCheck.java:35)
at java.base/java.util.ArrayList.forEach(ArrayList.java:1596)
... Removed 25 stack frames]]>
    </failure>
  </testcase> <!-- VerifyNewsLink -->
  <testcase classname="UnileverAuto.UnileverFunctionCheck" name="VerifyOurCompanyLink" time="0.005">
    <failure type="java.lang.NullPointerException" message="Cannot invoke &amp;quot;org.openqa.selenium.WebDriver.findElement(org.openqa.selenium.By)&amp;quot; because &amp;quot;this.driver&amp;quot; is null">
      <![CDATA[java.lang.NullPointerException: Cannot invoke "org.openqa.selenium.WebDriver.findElement(org.openqa.selenium.By)" because "this.driver" is null
at UnileverAuto.UnileverFunctionCheck.VerifyOurCompanyLink(UnileverFunctionCheck.java:31)
at java.base/java.util.ArrayList.forEach(ArrayList.java:1596)
... Removed 25 stack frames]]>
    </failure>
  </testcase> <!-- VerifyOurCompanyLink -->
  <testcase classname="UnileverAuto.UnileverFunctionCheck" name="VerifySuppliersLink" time="0.002">
    <failure type="java.lang.NullPointerException" message="Cannot invoke &amp;quot;org.openqa.selenium.WebDriver.findElement(org.openqa.selenium.By)&amp;quot; because &amp;quot;this.driver&amp;quot; is null">
      <![CDATA[java.lang.NullPointerException: Cannot invoke "org.openqa.selenium.WebDriver.findElement(org.openqa.selenium.By)" because "this.driver" is null
at UnileverAuto.UnileverFunctionCheck.VerifySuppliersLink(UnileverFunctionCheck.java:39)
at java.base/java.util.ArrayList.forEach(ArrayList.java:1596)
... Removed 25 stack frames]]>
    </failure>
  </testcase> <!-- VerifySuppliersLink -->
  <testcase classname="UnileverAuto.UnileverFunctionCheck" name="VerifySustainabilityLink" time="0.006">
    <failure type="java.lang.NullPointerException" message="Cannot invoke &amp;quot;org.openqa.selenium.WebDriver.findElement(org.openqa.selenium.By)&amp;quot; because &amp;quot;this.driver&amp;quot; is null">
      <![CDATA[java.lang.NullPointerException: Cannot invoke "org.openqa.selenium.WebDriver.findElement(org.openqa.selenium.By)" because "this.driver" is null
at UnileverAuto.UnileverFunctionCheck.VerifySustainabilityLink(UnileverFunctionCheck.java:43)
at java.base/java.util.ArrayList.forEach(ArrayList.java:1596)
... Removed 25 stack frames]]>
    </failure>
  </testcase> <!-- VerifySustainabilityLink -->
  <testcase classname="UnileverAuto.UnileverFunctionCheck" name="VerifyViewCompany" time="0.007">
    <failure type="java.lang.NullPointerException" message="Cannot invoke &amp;quot;org.openqa.selenium.WebDriver.findElement(org.openqa.selenium.By)&amp;quot; because &amp;quot;this.driver&amp;quot; is null">
      <![CDATA[java.lang.NullPointerException: Cannot invoke "org.openqa.selenium.WebDriver.findElement(org.openqa.selenium.By)" because "this.driver" is null
at UnileverAuto.UnileverFunctionCheck.VerifyViewCompany(UnileverFunctionCheck.java:59)
at java.base/java.util.ArrayList.forEach(ArrayList.java:1596)
... Removed 25 stack frames]]>
    </failure>
  </testcase> <!-- VerifyViewCompany -->
  <testcase classname="UnileverAuto.UnileverFunctionCheck" name="setup" time="5.294"/>
  <testcase classname="UnileverAuto.UnileverFunctionCheck" name="acceptCookiesIfPresent" time="0.373"/>
  <testcase classname="UnileverAuto.UnileverFunctionCheck" name="teardown" time="0.399"/>
</testsuite> <!-- Test -->
