<?xml version="1.0" encoding="UTF-8"?>
<testng-results ignored="104" total="140" passed="36" failed="0" skipped="0">
  <reporter-output>
  </reporter-output>
  <suite started-at="2025-07-30T06:26:58 UTC" name="Suite" finished-at="2025-07-30T06:27:53 UTC" duration-ms="54939">
    <groups>
    </groups>
    <test started-at="2025-07-30T06:26:58 UTC" name="our company" finished-at="2025-07-30T06:27:09 UTC" duration-ms="10541">
      <class name="UnileverAuto.UnileverFunctionCheck">
        <test-method signature="setup()[pri:0, instance:UnileverAuto.UnileverFunctionCheck@31d7b7bf]" started-at="2025-07-30T06:26:58 UTC" name="setup" finished-at="2025-07-30T06:27:04 UTC" duration-ms="5959" status="PASS">
          <reporter-output>
          </reporter-output>
        </test-method> <!-- setup -->
        <test-method signature="acceptCookiesIfPresent()[pri:0, instance:UnileverAuto.UnileverFunctionCheck@31d7b7bf]" started-at="2025-07-30T06:27:04 UTC" name="acceptCookiesIfPresent" finished-at="2025-07-30T06:27:05 UTC" duration-ms="401" status="PASS">
          <reporter-output>
          </reporter-output>
        </test-method> <!-- acceptCookiesIfPresent -->
        <test-method signature="VerifyOurCompanyLink()[pri:0, instance:UnileverAuto.UnileverFunctionCheck@31d7b7bf]" started-at="2025-07-30T06:27:05 UTC" name="VerifyOurCompanyLink" finished-at="2025-07-30T06:27:05 UTC" duration-ms="525" status="PASS">
          <reporter-output>
          </reporter-output>
        </test-method> <!-- VerifyOurCompanyLink -->
        <test-method signature="VerifyViewCompany()[pri:0, instance:UnileverAuto.UnileverFunctionCheck@31d7b7bf]" started-at="2025-07-30T06:27:05 UTC" name="VerifyViewCompany" finished-at="2025-07-30T06:27:07 UTC" duration-ms="1560" status="PASS">
          <reporter-output>
          </reporter-output>
        </test-method> <!-- VerifyViewCompany -->
        <test-method signature="VerifyContactUs()[pri:0, instance:UnileverAuto.UnileverFunctionCheck@31d7b7bf]" started-at="2025-07-30T06:27:07 UTC" name="VerifyContactUs" finished-at="2025-07-30T06:27:08 UTC" duration-ms="1516" status="PASS">
          <reporter-output>
          </reporter-output>
        </test-method> <!-- VerifyContactUs -->
        <test-method signature="teardown()[pri:0, instance:UnileverAuto.UnileverFunctionCheck@31d7b7bf]" started-at="2025-07-30T06:27:08 UTC" name="teardown" finished-at="2025-07-30T06:27:09 UTC" duration-ms="454" status="PASS">
          <reporter-output>
          </reporter-output>
        </test-method> <!-- teardown -->
      </class> <!-- UnileverAuto.UnileverFunctionCheck -->
    </test> <!-- our company -->
    <test started-at="2025-07-30T06:27:09 UTC" name="suppliers" finished-at="2025-07-30T06:27:15 UTC" duration-ms="6797">
      <class name="UnileverAuto.UnileverFunctionCheck">
        <test-method signature="setup()[pri:0, instance:UnileverAuto.UnileverFunctionCheck@158da8e]" started-at="2025-07-30T06:27:09 UTC" name="setup" finished-at="2025-07-30T06:27:13 UTC" duration-ms="4135" status="PASS">
          <reporter-output>
          </reporter-output>
        </test-method> <!-- setup -->
        <test-method signature="acceptCookiesIfPresent()[pri:0, instance:UnileverAuto.UnileverFunctionCheck@158da8e]" started-at="2025-07-30T06:27:13 UTC" name="acceptCookiesIfPresent" finished-at="2025-07-30T06:27:13 UTC" duration-ms="586" status="PASS">
          <reporter-output>
          </reporter-output>
        </test-method> <!-- acceptCookiesIfPresent -->
        <test-method signature="VerifySuppliersLink()[pri:0, instance:UnileverAuto.UnileverFunctionCheck@158da8e]" started-at="2025-07-30T06:27:13 UTC" name="VerifySuppliersLink" finished-at="2025-07-30T06:27:14 UTC" duration-ms="589" status="PASS">
          <reporter-output>
          </reporter-output>
        </test-method> <!-- VerifySuppliersLink -->
        <test-method signature="VerifyViewSuppliersLink()[pri:0, instance:UnileverAuto.UnileverFunctionCheck@158da8e]" started-at="2025-07-30T06:27:14 UTC" name="VerifyViewSuppliersLink" finished-at="2025-07-30T06:27:15 UTC" duration-ms="1129" status="PASS">
          <reporter-output>
          </reporter-output>
        </test-method> <!-- VerifyViewSuppliersLink -->
        <test-method signature="teardown()[pri:0, instance:UnileverAuto.UnileverFunctionCheck@158da8e]" started-at="2025-07-30T06:27:15 UTC" name="teardown" finished-at="2025-07-30T06:27:15 UTC" duration-ms="329" status="PASS">
          <reporter-output>
          </reporter-output>
        </test-method> <!-- teardown -->
      </class> <!-- UnileverAuto.UnileverFunctionCheck -->
    </test> <!-- suppliers -->
    <test started-at="2025-07-30T06:27:15 UTC" name="sustainability" finished-at="2025-07-30T06:27:20 UTC" duration-ms="4582">
      <class name="UnileverAuto.UnileverFunctionCheck">
        <test-method signature="setup()[pri:0, instance:UnileverAuto.UnileverFunctionCheck@661972b0]" started-at="2025-07-30T06:27:15 UTC" name="setup" finished-at="2025-07-30T06:27:19 UTC" duration-ms="3609" status="PASS">
          <reporter-output>
          </reporter-output>
        </test-method> <!-- setup -->
        <test-method signature="acceptCookiesIfPresent()[pri:0, instance:UnileverAuto.UnileverFunctionCheck@661972b0]" started-at="2025-07-30T06:27:19 UTC" name="acceptCookiesIfPresent" finished-at="2025-07-30T06:27:19 UTC" duration-ms="265" status="PASS">
          <reporter-output>
          </reporter-output>
        </test-method> <!-- acceptCookiesIfPresent -->
        <test-method signature="VerifySustainabilityLink()[pri:0, instance:UnileverAuto.UnileverFunctionCheck@661972b0]" started-at="2025-07-30T06:27:19 UTC" name="VerifySustainabilityLink" finished-at="2025-07-30T06:27:20 UTC" duration-ms="412" status="PASS">
          <reporter-output>
          </reporter-output>
        </test-method> <!-- VerifySustainabilityLink -->
        <test-method signature="teardown()[pri:0, instance:UnileverAuto.UnileverFunctionCheck@661972b0]" started-at="2025-07-30T06:27:20 UTC" name="teardown" finished-at="2025-07-30T06:27:20 UTC" duration-ms="275" status="PASS">
          <reporter-output>
          </reporter-output>
        </test-method> <!-- teardown -->
      </class> <!-- UnileverAuto.UnileverFunctionCheck -->
    </test> <!-- sustainability -->
    <test started-at="2025-07-30T06:27:20 UTC" name="careers" finished-at="2025-07-30T06:27:32 UTC" duration-ms="11541">
      <class name="UnileverAuto.UnileverFunctionCheck">
        <test-method signature="setup()[pri:0, instance:UnileverAuto.UnileverFunctionCheck@5ffead27]" started-at="2025-07-30T06:27:20 UTC" name="setup" finished-at="2025-07-30T06:27:24 UTC" duration-ms="3725" status="PASS">
          <reporter-output>
          </reporter-output>
        </test-method> <!-- setup -->
        <test-method signature="acceptCookiesIfPresent()[pri:0, instance:UnileverAuto.UnileverFunctionCheck@5ffead27]" started-at="2025-07-30T06:27:24 UTC" name="acceptCookiesIfPresent" finished-at="2025-07-30T06:27:24 UTC" duration-ms="279" status="PASS">
          <reporter-output>
          </reporter-output>
        </test-method> <!-- acceptCookiesIfPresent -->
        <test-method signature="VerifyCareersLink()[pri:0, instance:UnileverAuto.UnileverFunctionCheck@5ffead27]" started-at="2025-07-30T06:27:24 UTC" name="VerifyCareersLink" finished-at="2025-07-30T06:27:26 UTC" duration-ms="1524" status="PASS">
          <reporter-output>
          </reporter-output>
        </test-method> <!-- VerifyCareersLink -->
        <test-method signature="VerifyCareersSearchLink()[pri:0, instance:UnileverAuto.UnileverFunctionCheck@5ffead27]" started-at="2025-07-30T06:27:26 UTC" name="VerifyCareersSearchLink" finished-at="2025-07-30T06:27:31 UTC" duration-ms="5407" status="PASS">
          <reporter-output>
          </reporter-output>
        </test-method> <!-- VerifyCareersSearchLink -->
        <test-method signature="teardown()[pri:0, instance:UnileverAuto.UnileverFunctionCheck@5ffead27]" started-at="2025-07-30T06:27:31 UTC" name="teardown" finished-at="2025-07-30T06:27:32 UTC" duration-ms="565" status="PASS">
          <reporter-output>
          </reporter-output>
        </test-method> <!-- teardown -->
      </class> <!-- UnileverAuto.UnileverFunctionCheck -->
    </test> <!-- careers -->
    <test started-at="2025-07-30T06:27:32 UTC" name="brands" finished-at="2025-07-30T06:27:43 UTC" duration-ms="11841">
      <class name="UnileverAuto.UnileverFunctionCheck">
        <test-method signature="setup()[pri:0, instance:UnileverAuto.UnileverFunctionCheck@4f6ee6e4]" started-at="2025-07-30T06:27:32 UTC" name="setup" finished-at="2025-07-30T06:27:38 UTC" duration-ms="6701" status="PASS">
          <reporter-output>
          </reporter-output>
        </test-method> <!-- setup -->
        <test-method signature="acceptCookiesIfPresent()[pri:0, instance:UnileverAuto.UnileverFunctionCheck@4f6ee6e4]" started-at="2025-07-30T06:27:38 UTC" name="acceptCookiesIfPresent" finished-at="2025-07-30T06:27:38 UTC" duration-ms="153" status="PASS">
          <reporter-output>
          </reporter-output>
        </test-method> <!-- acceptCookiesIfPresent -->
        <test-method signature="VerifyBrandsLink()[pri:0, instance:UnileverAuto.UnileverFunctionCheck@4f6ee6e4]" started-at="2025-07-30T06:27:38 UTC" name="VerifyBrandsLink" finished-at="2025-07-30T06:27:39 UTC" duration-ms="617" status="PASS">
          <reporter-output>
          </reporter-output>
        </test-method> <!-- VerifyBrandsLink -->
        <test-method signature="VerifyViewBrandsLink()[pri:0, instance:UnileverAuto.UnileverFunctionCheck@4f6ee6e4]" started-at="2025-07-30T06:27:39 UTC" name="VerifyViewBrandsLink" finished-at="2025-07-30T06:27:41 UTC" duration-ms="1690" status="PASS">
          <reporter-output>
          </reporter-output>
        </test-method> <!-- VerifyViewBrandsLink -->
        <test-method signature="VerifyExploreBrandsLink()[pri:0, instance:UnileverAuto.UnileverFunctionCheck@4f6ee6e4]" started-at="2025-07-30T06:27:41 UTC" name="VerifyExploreBrandsLink" finished-at="2025-07-30T06:27:42 UTC" duration-ms="1248" status="PASS">
          <reporter-output>
          </reporter-output>
        </test-method> <!-- VerifyExploreBrandsLink -->
        <test-method signature="VerifySearchBrandsLink()[pri:0, instance:UnileverAuto.UnileverFunctionCheck@4f6ee6e4]" started-at="2025-07-30T06:27:42 UTC" name="VerifySearchBrandsLink" finished-at="2025-07-30T06:27:43 UTC" duration-ms="679" status="PASS">
          <reporter-output>
          </reporter-output>
        </test-method> <!-- VerifySearchBrandsLink -->
        <test-method signature="VerifySearchBrandsBtn()[pri:0, instance:UnileverAuto.UnileverFunctionCheck@4f6ee6e4]" started-at="2025-07-30T06:27:43 UTC" name="VerifySearchBrandsBtn" finished-at="2025-07-30T06:27:43 UTC" duration-ms="209" status="PASS">
          <reporter-output>
          </reporter-output>
        </test-method> <!-- VerifySearchBrandsBtn -->
        <test-method signature="teardown()[pri:0, instance:UnileverAuto.UnileverFunctionCheck@4f6ee6e4]" started-at="2025-07-30T06:27:43 UTC" name="teardown" finished-at="2025-07-30T06:27:43 UTC" duration-ms="509" status="PASS">
          <reporter-output>
          </reporter-output>
        </test-method> <!-- teardown -->
      </class> <!-- UnileverAuto.UnileverFunctionCheck -->
    </test> <!-- brands -->
    <test started-at="2025-07-30T06:27:43 UTC" name="investers" finished-at="2025-07-30T06:27:48 UTC" duration-ms="4748">
      <class name="UnileverAuto.UnileverFunctionCheck">
        <test-method signature="setup()[pri:0, instance:UnileverAuto.UnileverFunctionCheck@4fb61f4a]" started-at="2025-07-30T06:27:43 UTC" name="setup" finished-at="2025-07-30T06:27:47 UTC" duration-ms="3573" status="PASS">
          <reporter-output>
          </reporter-output>
        </test-method> <!-- setup -->
        <test-method signature="acceptCookiesIfPresent()[pri:0, instance:UnileverAuto.UnileverFunctionCheck@4fb61f4a]" started-at="2025-07-30T06:27:47 UTC" name="acceptCookiesIfPresent" finished-at="2025-07-30T06:27:47 UTC" duration-ms="252" status="PASS">
          <reporter-output>
          </reporter-output>
        </test-method> <!-- acceptCookiesIfPresent -->
        <test-method signature="VerifyInvestersLink()[pri:0, instance:UnileverAuto.UnileverFunctionCheck@4fb61f4a]" started-at="2025-07-30T06:27:47 UTC" name="VerifyInvestersLink" finished-at="2025-07-30T06:27:48 UTC" duration-ms="540" status="PASS">
          <reporter-output>
          </reporter-output>
        </test-method> <!-- VerifyInvestersLink -->
        <test-method signature="teardown()[pri:0, instance:UnileverAuto.UnileverFunctionCheck@4fb61f4a]" started-at="2025-07-30T06:27:48 UTC" name="teardown" finished-at="2025-07-30T06:27:48 UTC" duration-ms="354" status="PASS">
          <reporter-output>
          </reporter-output>
        </test-method> <!-- teardown -->
      </class> <!-- UnileverAuto.UnileverFunctionCheck -->
    </test> <!-- investers -->
    <test started-at="2025-07-30T06:27:48 UTC" name="news" finished-at="2025-07-30T06:27:53 UTC" duration-ms="4787">
      <class name="UnileverAuto.UnileverFunctionCheck">
        <test-method signature="setup()[pri:0, instance:UnileverAuto.UnileverFunctionCheck@4cc451f2]" started-at="2025-07-30T06:27:48 UTC" name="setup" finished-at="2025-07-30T06:27:52 UTC" duration-ms="3433" status="PASS">
          <reporter-output>
          </reporter-output>
        </test-method> <!-- setup -->
        <test-method signature="acceptCookiesIfPresent()[pri:0, instance:UnileverAuto.UnileverFunctionCheck@4cc451f2]" started-at="2025-07-30T06:27:52 UTC" name="acceptCookiesIfPresent" finished-at="2025-07-30T06:27:52 UTC" duration-ms="472" status="PASS">
          <reporter-output>
          </reporter-output>
        </test-method> <!-- acceptCookiesIfPresent -->
        <test-method signature="VerifyNewsLink()[pri:0, instance:UnileverAuto.UnileverFunctionCheck@4cc451f2]" started-at="2025-07-30T06:27:52 UTC" name="VerifyNewsLink" finished-at="2025-07-30T06:27:53 UTC" duration-ms="579" status="PASS">
          <reporter-output>
          </reporter-output>
        </test-method> <!-- VerifyNewsLink -->
        <test-method signature="teardown()[pri:0, instance:UnileverAuto.UnileverFunctionCheck@4cc451f2]" started-at="2025-07-30T06:27:53 UTC" name="teardown" finished-at="2025-07-30T06:27:53 UTC" duration-ms="277" status="PASS">
          <reporter-output>
          </reporter-output>
        </test-method> <!-- teardown -->
      </class> <!-- UnileverAuto.UnileverFunctionCheck -->
    </test> <!-- news -->
  </suite> <!-- Suite -->
</testng-results>
